<?xml version="1.0" encoding="UTF-8"?>
<coverage generated="1695728515366" clover="3.2.0">
  <project timestamp="1695728515366" name="All files">
    <metrics statements="7" coveredstatements="2" conditionals="0" coveredconditionals="0" methods="2" coveredmethods="1" elements="9" coveredelements="3" complexity="0" loc="7" ncloc="7" packages="1" files="4" classes="4"/>
    <file name="App.tsx" path="/Users/shikha_lakhotia/Documents/officeProjects/swagger-jest/src/App.tsx">
      <metrics statements="2" coveredstatements="2" conditionals="0" coveredconditionals="0" methods="1" coveredmethods="1"/>
      <line num="2" count="1" type="stmt"/>
      <line num="3" count="1" type="stmt"/>
    </file>
    <file name="index-swagger-ui-4.js" path="/Users/shikha_lakhotia/Documents/officeProjects/swagger-jest/src/index-swagger-ui-4.js">
      <metrics statements="0" coveredstatements="0" conditionals="0" coveredconditionals="0" methods="0" coveredmethods="0"/>
    </file>
    <file name="index-swagger-ui-5.js" path="/Users/shikha_lakhotia/Documents/officeProjects/swagger-jest/src/index-swagger-ui-5.js">
      <metrics statements="0" coveredstatements="0" conditionals="0" coveredconditionals="0" methods="0" coveredmethods="0"/>
    </file>
    <file name="index.tsx" path="/Users/shikha_lakhotia/Documents/officeProjects/swagger-jest/src/index.tsx">
      <metrics statements="5" coveredstatements="0" conditionals="0" coveredconditionals="0" methods="1" coveredmethods="0"/>
      <line num="7" count="0" type="stmt"/>
      <line num="9" count="0" type="stmt"/>
      <line num="11" count="0" type="stmt"/>
      <line num="23" count="0" type="stmt"/>
      <line num="27" count="0" type="stmt"/>
    </file>
  </project>
</coverage>
