{"/Users/shikha_lakhotia/Documents/officeProjects/swagger-jest/src/App.tsx": {"path":"/Users/shikha_lakhotia/Documents/officeProjects/swagger-jest/src/App.tsx","statementMap":{"0":{"start":{"line":2,"column":12},"end":{"line":7,"column":1}},"1":{"start":{"line":3,"column":4},"end":{"line":6,"column":15}}},"fnMap":{"0":{"name":"(anonymous_0)","decl":{"start":{"line":2,"column":12},"end":{"line":2,"column":13}},"loc":{"start":{"line":2,"column":31},"end":{"line":7,"column":1}},"line":2}},"branchMap":{},"s":{"0":1,"1":1},"f":{"0":1},"b":{},"_coverageSchema":"1a1c01bbd47fc00a2c39e90264f33305004495a9","hash":"b3d38c63f5e052ef02d87067d54d2a8201dd4578"}
,"/Users/shikha_lakhotia/Documents/officeProjects/swagger-jest/src/index-swagger-ui-4.js": {"path":"/Users/shikha_lakhotia/Documents/officeProjects/swagger-jest/src/index-swagger-ui-4.js","statementMap":{},"fnMap":{},"branchMap":{},"s":{},"f":{},"b":{}}
,"/Users/shikha_lakhotia/Documents/officeProjects/swagger-jest/src/index-swagger-ui-5.js": {"path":"/Users/shikha_lakhotia/Documents/officeProjects/swagger-jest/src/index-swagger-ui-5.js","statementMap":{},"fnMap":{},"branchMap":{},"s":{},"f":{},"b":{}}
,"/Users/shikha_lakhotia/Documents/officeProjects/swagger-jest/src/index.tsx": {"path":"/Users/shikha_lakhotia/Documents/officeProjects/swagger-jest/src/index.tsx","statementMap":{"0":{"start":{"line":7,"column":4},"end":{"line":24,"column":5}},"1":{"start":{"line":9,"column":19},"end":{"line":9,"column":77}},"2":{"start":{"line":11,"column":6},"end":{"line":15,"column":8}},"3":{"start":{"line":23,"column":6},"end":{"line":23,"column":52}},"4":{"start":{"line":27,"column":2},"end":{"line":27,"column":14}}},"fnMap":{"0":{"name":"init","decl":{"start":{"line":6,"column":15},"end":{"line":6,"column":19}},"loc":{"start":{"line":6,"column":23},"end":{"line":25,"column":3}},"line":6}},"branchMap":{},"s":{"0":0,"1":0,"2":0,"3":0,"4":0},"f":{"0":0},"b":{}}
}
